[debug] [2018-04-01T03:17:46.689Z] ----------------------------------------------------------------------
[debug] [2018-04-01T03:17:46.691Z] Command:       /usr/local/bin/node /usr/local/bin/firebase init
[debug] [2018-04-01T03:17:46.691Z] CLI Version:   3.17.7
[debug] [2018-04-01T03:17:46.691Z] Platform:      darwin
[debug] [2018-04-01T03:17:46.691Z] Node Version:  v8.11.1
[debug] [2018-04-01T03:17:46.691Z] Time:          Sat Mar 31 2018 20:17:46 GMT-0700 (PDT)
[debug] [2018-04-01T03:17:46.692Z] ----------------------------------------------------------------------
[debug] 
[debug] [2018-04-01T03:17:46.706Z] > command requires scopes: ["email","openid","https://www.googleapis.com/auth/cloudplatformprojects.readonly","https://www.googleapis.com/auth/firebase"]
[debug] [2018-04-01T03:17:46.707Z] > authorizing via signed-in user
[info] 
     🔥🔥🔥🔥🔥🔥🔥🔥 🔥🔥🔥🔥 🔥🔥🔥🔥🔥🔥🔥🔥  🔥🔥🔥🔥🔥🔥🔥🔥 🔥🔥🔥🔥🔥🔥🔥🔥     🔥🔥🔥     🔥🔥🔥🔥🔥🔥  🔥🔥🔥🔥🔥🔥🔥🔥
     🔥🔥        🔥🔥  🔥🔥     🔥🔥 🔥🔥       🔥🔥     🔥🔥  🔥🔥   🔥🔥  🔥🔥       🔥🔥
     🔥🔥🔥🔥🔥🔥    🔥🔥  🔥🔥🔥🔥🔥🔥🔥🔥  🔥🔥🔥🔥🔥🔥   🔥🔥🔥🔥🔥🔥🔥🔥  🔥🔥🔥🔥🔥🔥🔥🔥🔥  🔥🔥🔥🔥🔥🔥  🔥🔥🔥🔥🔥🔥
     🔥🔥        🔥🔥  🔥🔥    🔥🔥  🔥🔥       🔥🔥     🔥🔥 🔥🔥     🔥🔥       🔥🔥 🔥🔥
     🔥🔥       🔥🔥🔥🔥 🔥🔥     🔥🔥 🔥🔥🔥🔥🔥🔥🔥🔥 🔥🔥🔥🔥🔥🔥🔥🔥  🔥🔥     🔥🔥  🔥🔥🔥🔥🔥🔥  🔥🔥🔥🔥🔥🔥🔥🔥

You're about to initialize a Firebase project in this directory:

  /Users/brian/Desktop/hira/app

Before we get started, keep in mind:

  * You are initializing in an existing Firebase project directory

[info] 
=== Project Setup
[info] 
[info] First, let's associate this project directory with a Firebase project.
[info] You can create multiple project aliases by running firebase use --add, 
[info] but for now we'll just set up a default project.
[info] 
[debug] [2018-04-01T03:18:04.289Z] > refreshing access token with scopes: ["email","https://www.googleapis.com/auth/cloudplatformprojects.readonly","https://www.googleapis.com/auth/firebase","openid"]
[debug] [2018-04-01T03:18:04.290Z] >>> HTTP REQUEST POST https://www.googleapis.com/oauth2/v3/token  
 { refresh_token: '1/UQ5TN2SuKzhlwrmNs5xIjZ-s6Fbi-faOkQv2YN8E8zg',
  client_id: '563584335869-fgrhgmd47bqnekij5i8b5pr03ho849e6.apps.googleusercontent.com',
  client_secret: 'j9iVZfS8kkCEFUPaAeJV0sAi',
  grant_type: 'refresh_token',
  scope: 'email https://www.googleapis.com/auth/cloudplatformprojects.readonly https://www.googleapis.com/auth/firebase openid' } 
 Sat Mar 31 2018 20:18:04 GMT-0700 (PDT)
[debug] [2018-04-01T03:18:04.746Z] <<< HTTP RESPONSE 200
[debug] [2018-04-01T03:18:04.756Z] >>> HTTP REQUEST GET https://admin.firebase.com/v1/projects  
  
 Sat Mar 31 2018 20:18:04 GMT-0700 (PDT)
[debug] [2018-04-01T03:18:05.296Z] <<< HTTP RESPONSE 200
[info] i  .firebaserc already has a default project, skipping
[info] 
=== Database Setup
[info] 
[info] Firebase Realtime Database Rules allow you to define how your data should be
[info] structured and when your data can be read from and written to.
[info] 
[info] Skipping overwrite of Database Rules.
[info] The rules defined in database.rules.json will be published when you do firebase deploy.
[info] 
=== Hosting Setup
[info] 
[info] Your public directory is the folder (relative to your project directory) that
[info] will contain Hosting assets to be uploaded with firebase deploy. If you
[info] have a build process for your assets, use your build's output directory.
[info] 
[debug] [2018-04-01T03:19:16.696Z] >>> HTTP REQUEST GET https://www.gstatic.com/firebasejs/releases.json  
  
 Sat Mar 31 2018 20:19:16 GMT-0700 (PDT)
[debug] [2018-04-01T03:19:18.499Z] <<< HTTP RESPONSE 200
[info] i  Skipping write of public/index.html
[info] 
=== Storage Setup
[info] 
[info] Firebase Storage Security Rules allow you to define how and when to allow
[info] uploads and downloads. You can keep these rules in your project directory
[info] and publish them with firebase deploy.
[info] 
[info] 
